  animal.cpp
C:\Users\nourh\source\repos\animal\animal\animal.cpp(16,10): error C2039: 'print': is not a member of 'Animal'
C:\Users\nourh\source\repos\animal\animal\Animal.h(6): message : see declaration of 'Animal'
  Cat.cpp
C:\Users\nourh\source\repos\animal\animal\Animal.h(6,14): error C2011: 'Animal': 'class' type redefinition
C:\Users\nourh\source\repos\animal\animal\Animal.h(6): message : see declaration of 'Animal'
C:\Users\nourh\source\repos\animal\animal\Cat.h(4,27): error C2504: 'Animal': base class undefined
C:\Users\nourh\source\repos\animal\animal\Cat.h(12,11): error C2027: use of undefined type 'Animal'
C:\Users\nourh\source\repos\animal\animal\Animal.h(6): message : see declaration of 'Animal'
C:\Users\nourh\source\repos\animal\animal\Cat.cpp(6,56): error C2614: 'Cat': illegal member initialization: 'Animal' is not a base or member
  Dog.cpp
C:\Users\nourh\source\repos\animal\animal\Dog.h(13,11): error C2039: 'print': is not a member of 'Animal'
C:\Users\nourh\source\repos\animal\animal\Animal.h(6): message : see declaration of 'Animal'
C:\Users\nourh\source\repos\animal\animal\Animal.h(6,14): error C2011: 'Animal': 'class' type redefinition
C:\Users\nourh\source\repos\animal\animal\Animal.h(6): message : see declaration of 'Animal'
C:\Users\nourh\source\repos\animal\animal\Dog.cpp(7,1): error C2027: use of undefined type 'Animal'
C:\Users\nourh\source\repos\animal\animal\Animal.h(6): message : see declaration of 'Animal'
C:\Users\nourh\source\repos\animal\animal\Dog.cpp(12,1): error C2027: use of undefined type 'Animal'
C:\Users\nourh\source\repos\animal\animal\Animal.h(6): message : see declaration of 'Animal'
  Fish.cpp
C:\Users\nourh\source\repos\animal\animal\Animal.h(6,14): error C2011: 'Animal': 'class' type redefinition
C:\Users\nourh\source\repos\animal\animal\Animal.h(6): message : see declaration of 'Animal'
C:\Users\nourh\source\repos\animal\animal\Fish.h(6,28): error C2504: 'Animal': base class undefined
C:\Users\nourh\source\repos\animal\animal\Fish.h(14,11): error C2027: use of undefined type 'Animal'
C:\Users\nourh\source\repos\animal\animal\Animal.h(6): message : see declaration of 'Animal'
C:\Users\nourh\source\repos\animal\animal\Fish.cpp(6,60): error C2614: 'Fish': illegal member initialization: 'Animal' is not a base or member
  Source.cpp
C:\Users\nourh\source\repos\animal\animal\Animal.h(6,14): error C2011: 'Animal': 'class' type redefinition
C:\Users\nourh\source\repos\animal\animal\Animal.h(6): message : see declaration of 'Animal'
C:\Users\nourh\source\repos\animal\animal\Dog.h(6,27): error C2504: 'Animal': base class undefined
C:\Users\nourh\source\repos\animal\animal\Dog.h(13,11): error C2027: use of undefined type 'Animal'
C:\Users\nourh\source\repos\animal\animal\Animal.h(6): message : see declaration of 'Animal'
C:\Users\nourh\source\repos\animal\animal\Cat.h(4,27): error C2504: 'Animal': base class undefined
C:\Users\nourh\source\repos\animal\animal\Cat.h(12,11): error C2027: use of undefined type 'Animal'
C:\Users\nourh\source\repos\animal\animal\Animal.h(6): message : see declaration of 'Animal'
C:\Users\nourh\source\repos\animal\animal\Fish.h(6,28): error C2504: 'Animal': base class undefined
C:\Users\nourh\source\repos\animal\animal\Fish.h(14,11): error C2027: use of undefined type 'Animal'
C:\Users\nourh\source\repos\animal\animal\Animal.h(6): message : see declaration of 'Animal'
C:\Users\nourh\source\repos\animal\animal\Source.cpp(12,9): error C2079: 'a' uses undefined class 'Animal'
C:\Users\nourh\source\repos\animal\animal\Source.cpp(12,19): error C2027: use of undefined type 'Animal'
C:\Users\nourh\source\repos\animal\animal\Animal.h(6): message : see declaration of 'Animal'
C:\Users\nourh\source\repos\animal\animal\Source.cpp(17,21): error C2440: '=': cannot convert from 'int *' to 'Animal *'
C:\Users\nourh\source\repos\animal\animal\Source.cpp(17,19): message : Types pointed to are unrelated; conversion requires reinterpret_cast, C-style cast or function-style cast
C:\Users\nourh\source\repos\animal\animal\Source.cpp(18,21): error C2440: '=': cannot convert from 'Dog *' to 'Animal *'
C:\Users\nourh\source\repos\animal\animal\Source.cpp(18,19): message : Types pointed to are unrelated; conversion requires reinterpret_cast, C-style cast or function-style cast
C:\Users\nourh\source\repos\animal\animal\Source.cpp(19,21): error C2440: '=': cannot convert from 'Cat *' to 'Animal *'
C:\Users\nourh\source\repos\animal\animal\Source.cpp(19,19): message : Types pointed to are unrelated; conversion requires reinterpret_cast, C-style cast or function-style cast
C:\Users\nourh\source\repos\animal\animal\Source.cpp(20,21): error C2440: '=': cannot convert from 'Fish *' to 'Animal *'
C:\Users\nourh\source\repos\animal\animal\Source.cpp(20,19): message : Types pointed to are unrelated; conversion requires reinterpret_cast, C-style cast or function-style cast
C:\Users\nourh\source\repos\animal\animal\Source.cpp(24,3): error C3861: 'printAnimal': identifier not found
  Generating Code...
